14:58:38.217 [main] DEBUG api.test.UserTests - debugging.......
14:58:38.235 [main] INFO  api.test.UserTests - --------------Creating User---------------
14:58:43.498 [main] INFO  api.test.UserTests - -------------User is Created---------------
14:58:43.525 [main] INFO  api.test.UserTests - --------------Reading User Info---------------
14:58:44.864 [main] INFO  api.test.UserTests - -------------User Info is Displayed---------------
14:58:44.868 [main] INFO  api.test.UserTests - --------------Updating User---------------
14:58:46.153 [main] INFO  api.test.UserTests - -------------User is Updated---------------
14:58:47.467 [main] INFO  api.test.UserTests - --------------Deleting User---------------
14:58:48.740 [main] INFO  api.test.UserTests - -------------User is Deleted---------------
15:31:11.178 [main] DEBUG api.test.UserTests2 - debugging.......
15:31:11.199 [main] INFO  api.test.UserTests2 - --------------Creating User---------------
15:31:14.887 [main] INFO  api.test.UserTests2 - -------------User is Created---------------
15:31:14.919 [main] INFO  api.test.UserTests2 - --------------Reading User Info---------------
15:31:14.973 [main] INFO  api.test.UserTests2 - --------------Updating User---------------
15:31:15.005 [main] INFO  api.test.UserTests2 - --------------Deleting User---------------
15:32:45.564 [main] DEBUG api.test.UserTests2 - debugging.......
15:32:45.582 [main] INFO  api.test.UserTests2 - --------------Creating User---------------
15:32:49.057 [main] INFO  api.test.UserTests2 - -------------User is Created---------------
15:32:49.082 [main] INFO  api.test.UserTests2 - --------------Reading User Info---------------
15:32:49.180 [main] INFO  api.test.UserTests2 - --------------Updating User---------------
15:32:49.238 [main] INFO  api.test.UserTests2 - --------------Deleting User---------------
15:39:48.524 [main] DEBUG api.test.UserTests2 - debugging.......
15:39:48.544 [main] INFO  api.test.UserTests2 - --------------Reading User Info---------------
15:39:49.782 [main] INFO  api.test.UserTests2 - --------------Updating User---------------
15:39:50.251 [main] INFO  api.test.UserTests2 - --------------Deleting User---------------
15:44:48.642 [main] DEBUG api.test.UserTests2 - debugging.......
15:44:48.661 [main] INFO  api.test.UserTests2 - --------------Creating User---------------
15:44:52.190 [main] INFO  api.test.UserTests2 - -------------User is Created---------------
15:44:52.215 [main] INFO  api.test.UserTests2 - --------------Reading User Info---------------
15:44:52.263 [main] INFO  api.test.UserTests2 - --------------Updating User---------------
15:44:52.291 [main] INFO  api.test.UserTests2 - --------------Deleting User---------------
15:56:56.333 [main] DEBUG api.test.UserTests2 - debugging.......
15:56:56.351 [main] INFO  api.test.UserTests2 - --------------Creating User---------------
15:56:59.720 [main] INFO  api.test.UserTests2 - -------------User is Created---------------
15:56:59.745 [main] INFO  api.test.UserTests2 - --------------Reading User Info---------------
15:57:01.085 [main] INFO  api.test.UserTests2 - -------------User Info is Displayed---------------
15:57:01.094 [main] INFO  api.test.UserTests2 - --------------Updating User---------------
15:57:02.381 [main] INFO  api.test.UserTests2 - -------------User is Updated---------------
15:57:03.666 [main] INFO  api.test.UserTests2 - --------------Deleting User---------------
15:57:04.923 [main] INFO  api.test.UserTests2 - -------------User is Deleted---------------
16:02:43.526 [main] DEBUG api.test.UserTests2 - debugging.......
16:02:43.545 [main] INFO  api.test.UserTests2 - --------------Creating User---------------
16:02:47.530 [main] INFO  api.test.UserTests2 - -------------User is Created---------------
16:02:47.555 [main] INFO  api.test.UserTests2 - --------------Reading User Info---------------
16:02:48.895 [main] INFO  api.test.UserTests2 - -------------User Info is Displayed---------------
16:02:48.897 [main] INFO  api.test.UserTests2 - --------------Updating User---------------
16:02:50.236 [main] INFO  api.test.UserTests2 - -------------User is Updated---------------
16:02:51.798 [main] INFO  api.test.UserTests2 - --------------Deleting User---------------
16:02:53.422 [main] INFO  api.test.UserTests2 - -------------User is Deleted---------------
16:25:01.802 [main] DEBUG api.test.UserTests2 - debugging.......
16:25:01.820 [main] INFO  api.test.UserTests2 - --------------Creating User---------------
16:25:05.430 [main] INFO  api.test.UserTests2 - -------------User is Created---------------
16:25:05.451 [main] INFO  api.test.UserTests2 - --------------Reading User Info---------------
16:25:06.770 [main] INFO  api.test.UserTests2 - -------------User Info is Displayed---------------
16:25:06.773 [main] INFO  api.test.UserTests2 - --------------Updating User---------------
16:25:08.105 [main] INFO  api.test.UserTests2 - -------------User is Updated---------------
16:25:09.364 [main] INFO  api.test.UserTests2 - --------------Deleting User---------------
16:25:10.647 [main] INFO  api.test.UserTests2 - -------------User is Deleted---------------
16:27:42.222 [main] DEBUG api.test.UserTests2 - debugging.......
16:27:42.239 [main] INFO  api.test.UserTests2 - --------------Creating User---------------
16:27:45.652 [main] INFO  api.test.UserTests2 - -------------User is Created---------------
16:27:45.669 [main] INFO  api.test.UserTests2 - --------------Reading User Info---------------
16:27:47.036 [main] INFO  api.test.UserTests2 - -------------User Info is Displayed---------------
16:27:47.038 [main] INFO  api.test.UserTests2 - --------------Updating User---------------
16:27:48.345 [main] INFO  api.test.UserTests2 - -------------User is Updated---------------
16:27:49.657 [main] INFO  api.test.UserTests2 - --------------Deleting User---------------
16:27:50.914 [main] INFO  api.test.UserTests2 - -------------User is Deleted---------------
